=== EXPERIMENT LOG ===
Created: 19-Dec-2025 10:47:19
Log Level: DEBUG
======================

[2025-12-19 10:47:19.523] INFO: === EXPERIMENT START ===
[2025-12-19 10:47:19.525] INFO: Protocol: /Users/lisaferguson/Documents/PC/Programming/Reiser/maDisplayTools/examples/simpleDemo/simple_protocol_v1.yaml
[2025-12-19 10:47:19.525] INFO: Output: /Users/lisaferguson/Documents/PC/Programming/Reiser/maDisplayTools/examples/simpleDemo
[2025-12-19 10:47:19.526] INFO: Initializing plugins...
[2025-12-19 10:47:19.527] INFO: Initializing script plugin: analysis
[2025-12-19 10:47:19.593] DEBUG: [analysis] added to path
[2025-12-19 10:47:19.594] INFO: [analysis] Initialized function: /Users/lisaferguson/Documents/PC/Programming/Reiser/maDisplayTools/examples/SimpleYamlExperimentDemo/test_analysis_script.m
[2025-12-19 10:47:19.646] INFO:   ✓ Initialized plugin: analysis
[2025-12-19 10:47:19.648] INFO: All 1 plugins initialized
[2025-12-19 10:47:19.649] INFO: Initializing arena hardware...
[2025-12-19 10:47:19.967] INFO:   Arena: G4.1 (2x12 panels)
[2025-12-19 10:47:19.970] INFO: Initialization complete
[2025-12-19 10:47:19.971] INFO: Generating trial order...
[2025-12-19 10:47:19.979] INFO:   Generated random seed: 467835
[2025-12-19 10:47:19.981] INFO:   Generated 25 trials
[2025-12-19 10:47:19.982] INFO:   4 conditions × 3 repetitions
[2025-12-19 10:47:19.982] INFO: Trial execution order:
[2025-12-19 10:47:19.982] INFO:     Trial 1: Condition condition 3 (Rep 1)
[2025-12-19 10:47:19.983] INFO:     Trial 2: Condition dark_control (Rep 1)
[2025-12-19 10:47:19.983] INFO:     Trial 3: Condition condition 1 (Rep 1)
[2025-12-19 10:47:19.983] INFO:     Trial 4: Condition condition 2 (Rep 1)
[2025-12-19 10:47:19.983] INFO:     Trial 5: Condition dark_control (Rep 2)
[2025-12-19 10:47:19.984] INFO:     Trial 6: Condition condition 1 (Rep 2)
[2025-12-19 10:47:19.984] INFO:     Trial 7: Condition condition 2 (Rep 2)
[2025-12-19 10:47:19.985] INFO:     Trial 8: Condition condition 3 (Rep 2)
[2025-12-19 10:47:19.985] INFO:     Trial 9: Condition dark_control (Rep 3)
[2025-12-19 10:47:19.986] INFO:     Trial 10: Condition condition 2 (Rep 3)
[2025-12-19 10:47:19.986] INFO:     ... (2 more trials)
[2025-12-19 10:47:19.986] INFO: === PRETRIAL PHASE START ===
[2025-12-19 10:47:19.987] INFO: Executing pretrial command 1/2
[2025-12-19 10:47:19.987] DEBUG: Executing command type: controller
[2025-12-19 10:47:19.988] INFO: Controller command: startG41Trial
[2025-12-19 10:47:19.988] DEBUG: parameters checked and valid.
[2025-12-19 10:47:19.988] DEBUG: parameters checked and valid.
[2025-12-19 10:47:19.988] DEBUG: parameters checked and valid.
[2025-12-19 10:47:19.989] DEBUG: parameters checked and valid.
[2025-12-19 10:47:21.993] INFO: startG41Trial command completed
[2025-12-19 10:47:21.995] INFO: Executing pretrial command 2/2
[2025-12-19 10:47:21.998] DEBUG: Executing command type: wait
[2025-12-19 10:47:21.999] INFO: Wait command: 5.000000e-01 ms
[2025-12-19 10:47:22.501] DEBUG: Wait command completed
[2025-12-19 10:47:22.503] INFO: === PRETRIAL PHASE COMPLETE ===
[2025-12-19 10:47:22.504] INFO: === MAIN TRIAL LOOP START ===
[2025-12-19 10:47:22.505] INFO: --- Trial 1/12: Condition condition 3 (Rep 1) ---
[2025-12-19 10:47:22.507] DEBUG: Executing command type: controller
[2025-12-19 10:47:22.508] INFO: Controller command: startG41Trial
[2025-12-19 10:47:22.509] DEBUG: parameters checked and valid.
[2025-12-19 10:47:22.509] DEBUG: parameters checked and valid.
[2025-12-19 10:47:22.509] DEBUG: parameters checked and valid.
[2025-12-19 10:47:22.510] DEBUG: parameters checked and valid.
[2025-12-19 10:47:25.514] INFO: startG41Trial command completed
[2025-12-19 10:47:25.515] INFO: Trial 1 completed in 3.01 seconds
[2025-12-19 10:47:25.517] DEBUG: Executing command type: controller
[2025-12-19 10:47:25.517] INFO: Controller command: startG41Trial
[2025-12-19 10:47:25.518] DEBUG: parameters checked and valid.
[2025-12-19 10:47:25.518] DEBUG: parameters checked and valid.
[2025-12-19 10:47:25.519] DEBUG: parameters checked and valid.
[2025-12-19 10:47:25.519] DEBUG: parameters checked and valid.
[2025-12-19 10:47:27.522] INFO: startG41Trial command completed
[2025-12-19 10:47:27.523] INFO: --- Trial 2/12: Condition dark_control (Rep 1) ---
[2025-12-19 10:47:27.524] DEBUG: Executing command type: controller
[2025-12-19 10:47:27.525] INFO: Controller command: allOff
[2025-12-19 10:47:27.545] INFO: all off success: 1
[2025-12-19 10:47:27.546] INFO: allOff command completed
[2025-12-19 10:47:27.546] DEBUG: Executing command type: wait
[2025-12-19 10:47:27.546] INFO: Wait command: 3 ms
[2025-12-19 10:47:30.548] DEBUG: Wait command completed
[2025-12-19 10:47:30.549] INFO: Trial 2 completed in 3.02 seconds
[2025-12-19 10:47:30.550] DEBUG: Executing command type: controller
[2025-12-19 10:47:30.551] INFO: Controller command: startG41Trial
[2025-12-19 10:47:30.552] DEBUG: parameters checked and valid.
[2025-12-19 10:47:30.553] DEBUG: parameters checked and valid.
[2025-12-19 10:47:30.553] DEBUG: parameters checked and valid.
[2025-12-19 10:47:30.553] DEBUG: parameters checked and valid.
[2025-12-19 10:47:32.557] INFO: startG41Trial command completed
[2025-12-19 10:47:32.557] INFO: --- Trial 3/12: Condition condition 1 (Rep 1) ---
[2025-12-19 10:47:32.558] DEBUG: Executing command type: controller
[2025-12-19 10:47:32.559] INFO: Controller command: startG41Trial
[2025-12-19 10:47:32.559] DEBUG: parameters checked and valid.
[2025-12-19 10:47:32.560] DEBUG: parameters checked and valid.
[2025-12-19 10:47:32.560] DEBUG: parameters checked and valid.
[2025-12-19 10:47:32.560] DEBUG: parameters checked and valid.
[2025-12-19 10:47:37.563] INFO: startG41Trial command completed
[2025-12-19 10:47:37.564] INFO: Trial 3 completed in 5.01 seconds
[2025-12-19 10:47:37.565] DEBUG: Executing command type: controller
[2025-12-19 10:47:37.566] INFO: Controller command: startG41Trial
[2025-12-19 10:47:37.566] DEBUG: parameters checked and valid.
[2025-12-19 10:47:37.566] DEBUG: parameters checked and valid.
[2025-12-19 10:47:37.567] DEBUG: parameters checked and valid.
[2025-12-19 10:47:37.567] DEBUG: parameters checked and valid.
[2025-12-19 10:47:39.570] INFO: startG41Trial command completed
[2025-12-19 10:47:39.571] INFO: --- Trial 4/12: Condition condition 2 (Rep 1) ---
[2025-12-19 10:47:39.573] DEBUG: Executing command type: controller
[2025-12-19 10:47:39.573] INFO: Controller command: startG41Trial
[2025-12-19 10:47:39.574] DEBUG: parameters checked and valid.
[2025-12-19 10:47:39.574] DEBUG: parameters checked and valid.
[2025-12-19 10:47:39.574] DEBUG: parameters checked and valid.
[2025-12-19 10:47:39.574] DEBUG: parameters checked and valid.
[2025-12-19 10:47:44.578] INFO: startG41Trial command completed
[2025-12-19 10:47:44.579] INFO: Trial 4 completed in 5.01 seconds
[2025-12-19 10:47:44.581] DEBUG: Executing command type: controller
[2025-12-19 10:47:44.581] INFO: Controller command: startG41Trial
[2025-12-19 10:47:44.582] DEBUG: parameters checked and valid.
[2025-12-19 10:47:44.582] DEBUG: parameters checked and valid.
[2025-12-19 10:47:44.582] DEBUG: parameters checked and valid.
[2025-12-19 10:47:44.583] DEBUG: parameters checked and valid.
[2025-12-19 10:47:46.587] INFO: startG41Trial command completed
[2025-12-19 10:47:46.588] INFO: --- Trial 5/12: Condition dark_control (Rep 2) ---
[2025-12-19 10:47:46.590] DEBUG: Executing command type: controller
[2025-12-19 10:47:46.590] INFO: Controller command: allOff
[2025-12-19 10:47:46.607] INFO: all off success: 1
[2025-12-19 10:47:46.608] INFO: allOff command completed
[2025-12-19 10:47:46.608] DEBUG: Executing command type: wait
[2025-12-19 10:47:46.609] INFO: Wait command: 3 ms
[2025-12-19 10:47:49.610] DEBUG: Wait command completed
[2025-12-19 10:47:49.612] INFO: Trial 5 completed in 3.02 seconds
[2025-12-19 10:47:49.613] DEBUG: Executing command type: controller
[2025-12-19 10:47:49.613] INFO: Controller command: startG41Trial
[2025-12-19 10:47:49.614] DEBUG: parameters checked and valid.
[2025-12-19 10:47:49.614] DEBUG: parameters checked and valid.
[2025-12-19 10:47:49.615] DEBUG: parameters checked and valid.
[2025-12-19 10:47:49.615] DEBUG: parameters checked and valid.
[2025-12-19 10:47:51.619] INFO: startG41Trial command completed
[2025-12-19 10:47:51.620] INFO: --- Trial 6/12: Condition condition 1 (Rep 2) ---
[2025-12-19 10:47:51.622] DEBUG: Executing command type: controller
[2025-12-19 10:47:51.622] INFO: Controller command: startG41Trial
[2025-12-19 10:47:51.622] DEBUG: parameters checked and valid.
[2025-12-19 10:47:51.623] DEBUG: parameters checked and valid.
[2025-12-19 10:47:51.623] DEBUG: parameters checked and valid.
[2025-12-19 10:47:51.623] DEBUG: parameters checked and valid.
[2025-12-19 10:47:56.626] INFO: startG41Trial command completed
[2025-12-19 10:47:56.627] INFO: Trial 6 completed in 5.01 seconds
[2025-12-19 10:47:56.628] DEBUG: Executing command type: controller
[2025-12-19 10:47:56.628] INFO: Controller command: startG41Trial
[2025-12-19 10:47:56.629] DEBUG: parameters checked and valid.
[2025-12-19 10:47:56.629] DEBUG: parameters checked and valid.
[2025-12-19 10:47:56.629] DEBUG: parameters checked and valid.
[2025-12-19 10:47:56.630] DEBUG: parameters checked and valid.
[2025-12-19 10:47:58.634] INFO: startG41Trial command completed
[2025-12-19 10:47:58.635] INFO: --- Trial 7/12: Condition condition 2 (Rep 2) ---
[2025-12-19 10:47:58.636] DEBUG: Executing command type: controller
[2025-12-19 10:47:58.637] INFO: Controller command: startG41Trial
[2025-12-19 10:47:58.637] DEBUG: parameters checked and valid.
[2025-12-19 10:47:58.638] DEBUG: parameters checked and valid.
[2025-12-19 10:47:58.638] DEBUG: parameters checked and valid.
[2025-12-19 10:47:58.638] DEBUG: parameters checked and valid.
[2025-12-19 10:48:03.641] INFO: startG41Trial command completed
[2025-12-19 10:48:03.642] INFO: Trial 7 completed in 5.01 seconds
[2025-12-19 10:48:03.642] DEBUG: Executing command type: controller
[2025-12-19 10:48:03.643] INFO: Controller command: startG41Trial
[2025-12-19 10:48:03.644] DEBUG: parameters checked and valid.
[2025-12-19 10:48:03.644] DEBUG: parameters checked and valid.
[2025-12-19 10:48:03.644] DEBUG: parameters checked and valid.
[2025-12-19 10:48:03.644] DEBUG: parameters checked and valid.
[2025-12-19 10:48:05.647] INFO: startG41Trial command completed
[2025-12-19 10:48:05.648] INFO: --- Trial 8/12: Condition condition 3 (Rep 2) ---
[2025-12-19 10:48:05.650] DEBUG: Executing command type: controller
[2025-12-19 10:48:05.651] INFO: Controller command: startG41Trial
[2025-12-19 10:48:05.652] DEBUG: parameters checked and valid.
[2025-12-19 10:48:05.652] DEBUG: parameters checked and valid.
[2025-12-19 10:48:05.653] DEBUG: parameters checked and valid.
[2025-12-19 10:48:05.653] DEBUG: parameters checked and valid.
[2025-12-19 10:48:08.658] INFO: startG41Trial command completed
[2025-12-19 10:48:08.659] INFO: Trial 8 completed in 3.01 seconds
[2025-12-19 10:48:08.660] DEBUG: Executing command type: controller
[2025-12-19 10:48:08.661] INFO: Controller command: startG41Trial
[2025-12-19 10:48:08.661] DEBUG: parameters checked and valid.
[2025-12-19 10:48:08.661] DEBUG: parameters checked and valid.
[2025-12-19 10:48:08.662] DEBUG: parameters checked and valid.
[2025-12-19 10:48:08.662] DEBUG: parameters checked and valid.
[2025-12-19 10:48:10.667] INFO: startG41Trial command completed
[2025-12-19 10:48:10.669] INFO: --- Trial 9/12: Condition dark_control (Rep 3) ---
[2025-12-19 10:48:10.670] DEBUG: Executing command type: controller
[2025-12-19 10:48:10.672] INFO: Controller command: allOff
[2025-12-19 10:48:10.688] INFO: all off success: 1
[2025-12-19 10:48:10.689] INFO: allOff command completed
[2025-12-19 10:48:10.689] DEBUG: Executing command type: wait
[2025-12-19 10:48:10.690] INFO: Wait command: 3 ms
[2025-12-19 10:48:13.691] DEBUG: Wait command completed
[2025-12-19 10:48:13.692] INFO: Trial 9 completed in 3.02 seconds
[2025-12-19 10:48:13.693] DEBUG: Executing command type: controller
[2025-12-19 10:48:13.693] INFO: Controller command: startG41Trial
[2025-12-19 10:48:13.694] DEBUG: parameters checked and valid.
[2025-12-19 10:48:13.694] DEBUG: parameters checked and valid.
[2025-12-19 10:48:13.694] DEBUG: parameters checked and valid.
[2025-12-19 10:48:13.694] DEBUG: parameters checked and valid.
[2025-12-19 10:48:15.698] INFO: startG41Trial command completed
[2025-12-19 10:48:15.700] INFO: --- Trial 10/12: Condition condition 2 (Rep 3) ---
[2025-12-19 10:48:15.702] DEBUG: Executing command type: controller
[2025-12-19 10:48:15.703] INFO: Controller command: startG41Trial
[2025-12-19 10:48:15.704] DEBUG: parameters checked and valid.
[2025-12-19 10:48:15.705] DEBUG: parameters checked and valid.
[2025-12-19 10:48:15.705] DEBUG: parameters checked and valid.
[2025-12-19 10:48:15.705] DEBUG: parameters checked and valid.
[2025-12-19 10:48:20.709] INFO: startG41Trial command completed
[2025-12-19 10:48:20.710] INFO: Trial 10 completed in 5.01 seconds
[2025-12-19 10:48:20.711] DEBUG: Executing command type: controller
[2025-12-19 10:48:20.711] INFO: Controller command: startG41Trial
[2025-12-19 10:48:20.712] DEBUG: parameters checked and valid.
[2025-12-19 10:48:20.712] DEBUG: parameters checked and valid.
[2025-12-19 10:48:20.712] DEBUG: parameters checked and valid.
[2025-12-19 10:48:20.713] DEBUG: parameters checked and valid.
[2025-12-19 10:48:22.716] INFO: startG41Trial command completed
[2025-12-19 10:48:22.717] INFO: --- Trial 11/12: Condition condition 3 (Rep 3) ---
[2025-12-19 10:48:22.719] DEBUG: Executing command type: controller
[2025-12-19 10:48:22.720] INFO: Controller command: startG41Trial
[2025-12-19 10:48:22.720] DEBUG: parameters checked and valid.
[2025-12-19 10:48:22.720] DEBUG: parameters checked and valid.
[2025-12-19 10:48:22.721] DEBUG: parameters checked and valid.
[2025-12-19 10:48:22.721] DEBUG: parameters checked and valid.
[2025-12-19 10:48:25.725] INFO: startG41Trial command completed
[2025-12-19 10:48:25.726] INFO: Trial 11 completed in 3.01 seconds
[2025-12-19 10:48:25.727] DEBUG: Executing command type: controller
[2025-12-19 10:48:25.727] INFO: Controller command: startG41Trial
[2025-12-19 10:48:25.728] DEBUG: parameters checked and valid.
[2025-12-19 10:48:25.728] DEBUG: parameters checked and valid.
[2025-12-19 10:48:25.728] DEBUG: parameters checked and valid.
[2025-12-19 10:48:25.728] DEBUG: parameters checked and valid.
[2025-12-19 10:48:27.732] INFO: startG41Trial command completed
[2025-12-19 10:48:27.734] INFO: --- Trial 12/12: Condition condition 1 (Rep 3) ---
[2025-12-19 10:48:27.735] DEBUG: Executing command type: controller
[2025-12-19 10:48:27.736] INFO: Controller command: startG41Trial
[2025-12-19 10:48:27.736] DEBUG: parameters checked and valid.
[2025-12-19 10:48:27.737] DEBUG: parameters checked and valid.
[2025-12-19 10:48:27.737] DEBUG: parameters checked and valid.
[2025-12-19 10:48:27.737] DEBUG: parameters checked and valid.
[2025-12-19 10:48:32.741] INFO: startG41Trial command completed
[2025-12-19 10:48:32.743] INFO: Trial 12 completed in 5.01 seconds
[2025-12-19 10:48:32.744] INFO: === MAIN TRIAL LOOP COMPLETE ===
[2025-12-19 10:48:32.744] INFO: === POSTTRIAL PHASE START ===
[2025-12-19 10:48:32.745] INFO: Executing posttrial command 1/3
[2025-12-19 10:48:32.745] DEBUG: Executing command type: controller
[2025-12-19 10:48:32.746] INFO: Controller command: startG41Trial
[2025-12-19 10:48:32.748] DEBUG: parameters checked and valid.
[2025-12-19 10:48:32.754] DEBUG: parameters checked and valid.
[2025-12-19 10:48:32.754] DEBUG: parameters checked and valid.
[2025-12-19 10:48:32.754] DEBUG: parameters checked and valid.
[2025-12-19 10:48:34.757] INFO: startG41Trial command completed
[2025-12-19 10:48:34.758] INFO: Executing posttrial command 2/3
[2025-12-19 10:48:34.758] DEBUG: Executing command type: plugin
[2025-12-19 10:48:34.759] INFO: Plugin command: analysis (script)
[2025-12-19 10:48:34.759] DEBUG:   Executing script
[2025-12-19 10:48:34.760] DEBUG: [analysis] Executing function
[2025-12-19 10:48:34.761] DEBUG: [analysis] Execution completed
[2025-12-19 10:48:34.761] DEBUG: Plugin command completed
[2025-12-19 10:48:34.762] INFO: Executing posttrial command 3/3
[2025-12-19 10:48:34.762] DEBUG: Executing command type: wait
[2025-12-19 10:48:34.762] INFO: Wait command: 1 ms
[2025-12-19 10:48:35.763] DEBUG: Wait command completed
[2025-12-19 10:48:35.764] INFO: === POSTTRIAL PHASE COMPLETE ===
[2025-12-19 10:48:35.765] INFO: Finalizing experiment...
[2025-12-19 10:48:35.798] INFO: Summary saved to: /Users/lisaferguson/Documents/PC/Programming/Reiser/maDisplayTools/examples/simpleDemo/summary.txt
[2025-12-19 10:48:35.820] INFO: Closing all plugins...
[2025-12-19 10:48:35.822] WARNING:   ✗ Failed to close plugin analysis: Unrecognized method, property, or field 'close' for class 'ScriptPlugin'.
[2025-12-19 10:48:35.823] INFO: Closing log file

=== LOG END ===
Closed: 19-Dec-2025 10:48:35
