=== EXPERIMENT LOG ===
Created: 16-Dec-2025 14:34:01
Log Level: DEBUG
======================

[2025-12-16 14:34:01.986] INFO: === EXPERIMENT START ===
[2025-12-16 14:34:01.987] INFO: Protocol: /Users/lisaferguson/Documents/PC/Programming/Reiser/maDisplayTools/examples/SimpleYamlExperimentDemo/simple_protocol_v1.yaml
[2025-12-16 14:34:01.988] INFO: Output: /Users/lisaferguson/Documents/PC/Programming/Reiser/maDisplayTools/examples/SimpleYamlExperimentDemo
[2025-12-16 14:34:01.988] INFO: Initializing plugins...
[2025-12-16 14:34:01.989] INFO: Initializing script plugin: analysis
[2025-12-16 14:34:02.045] DEBUG: [analysis] added to path
[2025-12-16 14:34:02.047] INFO: [analysis] Initialized function: /Users/lisaferguson/Documents/PC/Programming/Reiser/maDisplayTools/examples/SimpleYamlExperimentDemo/test_analysis_script.m
[2025-12-16 14:34:02.048] INFO:   ✓ Initialized plugin: analysis
[2025-12-16 14:34:02.048] INFO: All 1 plugins initialized
[2025-12-16 14:34:02.048] INFO: Initializing arena hardware...
[2025-12-16 14:34:02.049] INFO:   Arena: G4.1 (2x12 panels)
[2025-12-16 14:34:02.049] INFO: Initialization complete
[2025-12-16 14:34:02.050] INFO: Generating trial order...
[2025-12-16 14:34:02.052] INFO:   Generated random seed: 525066
[2025-12-16 14:34:02.054] INFO:   Generated 25 trials
[2025-12-16 14:34:02.054] INFO:   4 conditions × 3 repetitions
[2025-12-16 14:34:02.054] INFO: Trial execution order:
[2025-12-16 14:34:02.054] INFO:     Trial 1: Condition condition 1 (Rep 1)
[2025-12-16 14:34:02.055] INFO:     Trial 2: Condition condition 2 (Rep 1)
[2025-12-16 14:34:02.056] INFO:     Trial 3: Condition condition 3 (Rep 1)
[2025-12-16 14:34:02.056] INFO:     Trial 4: Condition dark_control (Rep 1)
[2025-12-16 14:34:02.056] INFO:     Trial 5: Condition condition 1 (Rep 2)
[2025-12-16 14:34:02.057] INFO:     Trial 6: Condition dark_control (Rep 2)
[2025-12-16 14:34:02.057] INFO:     Trial 7: Condition condition 3 (Rep 2)
[2025-12-16 14:34:02.057] INFO:     Trial 8: Condition condition 2 (Rep 2)
[2025-12-16 14:34:02.057] INFO:     Trial 9: Condition dark_control (Rep 3)
[2025-12-16 14:34:02.058] INFO:     Trial 10: Condition condition 3 (Rep 3)
[2025-12-16 14:34:02.058] INFO:     ... (2 more trials)
[2025-12-16 14:34:02.058] INFO: === PRETRIAL PHASE START ===
[2025-12-16 14:34:02.058] INFO: Executing pretrial command 1/2
[2025-12-16 14:34:02.059] DEBUG: Executing command type: controller
[2025-12-16 14:34:02.061] INFO: Controller command: startG41Trial
[2025-12-16 14:34:02.062] DEBUG: parameters checked and valid.
[2025-12-16 14:34:02.063] DEBUG: parameters checked and valid.
[2025-12-16 14:34:02.063] DEBUG: parameters checked and valid.
[2025-12-16 14:34:02.063] DEBUG: parameters checked and valid.
[2025-12-16 14:34:04.073] INFO: startG41Trial command completed
[2025-12-16 14:34:04.076] INFO: Executing pretrial command 2/2
[2025-12-16 14:34:04.081] DEBUG: Executing command type: wait
[2025-12-16 14:34:04.082] INFO: Wait command: 5.000000e-01 ms
[2025-12-16 14:34:04.584] DEBUG: Wait command completed
[2025-12-16 14:34:04.588] INFO: === PRETRIAL PHASE COMPLETE ===
[2025-12-16 14:34:04.589] INFO: === MAIN TRIAL LOOP START ===
[2025-12-16 14:34:04.591] INFO: --- Trial 1/12: Condition condition 1 (Rep 1) ---
[2025-12-16 14:34:04.593] DEBUG: Executing command type: controller
[2025-12-16 14:34:04.596] INFO: Controller command: startG41Trial
[2025-12-16 14:34:04.597] DEBUG: parameters checked and valid.
[2025-12-16 14:34:04.597] DEBUG: parameters checked and valid.
[2025-12-16 14:34:04.598] DEBUG: parameters checked and valid.
[2025-12-16 14:34:04.598] DEBUG: parameters checked and valid.
[2025-12-16 14:34:09.602] INFO: startG41Trial command completed
[2025-12-16 14:34:09.605] INFO: Trial 1 completed in 5.01 seconds
[2025-12-16 14:34:09.606] DEBUG: Executing command type: controller
[2025-12-16 14:34:09.607] INFO: Controller command: startG41Trial
[2025-12-16 14:34:09.609] DEBUG: parameters checked and valid.
[2025-12-16 14:34:09.610] DEBUG: parameters checked and valid.
[2025-12-16 14:34:09.610] DEBUG: parameters checked and valid.
[2025-12-16 14:34:09.611] DEBUG: parameters checked and valid.
[2025-12-16 14:34:11.615] INFO: startG41Trial command completed
[2025-12-16 14:34:11.618] INFO: --- Trial 2/12: Condition condition 2 (Rep 1) ---
[2025-12-16 14:34:11.620] DEBUG: Executing command type: controller
[2025-12-16 14:34:11.620] INFO: Controller command: startG41Trial
[2025-12-16 14:34:11.621] DEBUG: parameters checked and valid.
[2025-12-16 14:34:11.622] DEBUG: parameters checked and valid.
[2025-12-16 14:34:11.623] DEBUG: parameters checked and valid.
[2025-12-16 14:34:11.623] DEBUG: parameters checked and valid.
[2025-12-16 14:34:16.628] INFO: startG41Trial command completed
[2025-12-16 14:34:16.630] INFO: Trial 2 completed in 5.01 seconds
[2025-12-16 14:34:16.631] DEBUG: Executing command type: controller
[2025-12-16 14:34:16.632] INFO: Controller command: startG41Trial
[2025-12-16 14:34:16.633] DEBUG: parameters checked and valid.
[2025-12-16 14:34:16.635] DEBUG: parameters checked and valid.
[2025-12-16 14:34:16.635] DEBUG: parameters checked and valid.
[2025-12-16 14:34:16.636] DEBUG: parameters checked and valid.
[2025-12-16 14:34:18.641] INFO: startG41Trial command completed
[2025-12-16 14:34:18.643] INFO: --- Trial 3/12: Condition condition 3 (Rep 1) ---
[2025-12-16 14:34:18.645] DEBUG: Executing command type: controller
[2025-12-16 14:34:18.645] INFO: Controller command: startG41Trial
[2025-12-16 14:34:18.646] DEBUG: parameters checked and valid.
[2025-12-16 14:34:18.647] DEBUG: parameters checked and valid.
[2025-12-16 14:34:18.647] DEBUG: parameters checked and valid.
[2025-12-16 14:34:18.647] DEBUG: parameters checked and valid.
[2025-12-16 14:34:21.652] INFO: startG41Trial command completed
[2025-12-16 14:34:21.655] INFO: Trial 3 completed in 3.01 seconds
[2025-12-16 14:34:21.656] DEBUG: Executing command type: controller
[2025-12-16 14:34:21.657] INFO: Controller command: startG41Trial
[2025-12-16 14:34:21.659] DEBUG: parameters checked and valid.
[2025-12-16 14:34:21.660] DEBUG: parameters checked and valid.
[2025-12-16 14:34:21.660] DEBUG: parameters checked and valid.
[2025-12-16 14:34:21.660] DEBUG: parameters checked and valid.
[2025-12-16 14:34:23.665] INFO: startG41Trial command completed
[2025-12-16 14:34:23.668] INFO: --- Trial 4/12: Condition dark_control (Rep 1) ---
[2025-12-16 14:34:23.670] DEBUG: Executing command type: controller
[2025-12-16 14:34:23.671] INFO: Controller command: allOff
[2025-12-16 14:34:23.672] INFO: all off success: 0
[2025-12-16 14:34:23.672] INFO: allOff command completed
[2025-12-16 14:34:23.673] DEBUG: Executing command type: wait
[2025-12-16 14:34:23.675] INFO: Wait command: 3 ms
[2025-12-16 14:34:26.676] DEBUG: Wait command completed
[2025-12-16 14:34:26.679] INFO: Trial 4 completed in 3.01 seconds
[2025-12-16 14:34:26.680] DEBUG: Executing command type: controller
[2025-12-16 14:34:26.680] INFO: Controller command: startG41Trial
[2025-12-16 14:34:26.682] DEBUG: parameters checked and valid.
[2025-12-16 14:34:26.682] DEBUG: parameters checked and valid.
[2025-12-16 14:34:26.683] DEBUG: parameters checked and valid.
[2025-12-16 14:34:26.683] DEBUG: parameters checked and valid.
[2025-12-16 14:34:28.690] INFO: startG41Trial command completed
[2025-12-16 14:34:28.692] INFO: --- Trial 5/12: Condition condition 1 (Rep 2) ---
[2025-12-16 14:34:28.694] DEBUG: Executing command type: controller
[2025-12-16 14:34:28.694] INFO: Controller command: startG41Trial
[2025-12-16 14:34:28.694] DEBUG: parameters checked and valid.
[2025-12-16 14:34:28.694] DEBUG: parameters checked and valid.
[2025-12-16 14:34:28.695] DEBUG: parameters checked and valid.
[2025-12-16 14:34:28.695] DEBUG: parameters checked and valid.
[2025-12-16 14:34:33.698] INFO: startG41Trial command completed
[2025-12-16 14:34:33.700] INFO: Trial 5 completed in 5.01 seconds
[2025-12-16 14:34:33.701] DEBUG: Executing command type: controller
[2025-12-16 14:34:33.701] INFO: Controller command: startG41Trial
[2025-12-16 14:34:33.702] DEBUG: parameters checked and valid.
[2025-12-16 14:34:33.702] DEBUG: parameters checked and valid.
[2025-12-16 14:34:33.702] DEBUG: parameters checked and valid.
[2025-12-16 14:34:33.702] DEBUG: parameters checked and valid.
[2025-12-16 14:34:35.706] INFO: startG41Trial command completed
[2025-12-16 14:34:35.708] INFO: --- Trial 6/12: Condition dark_control (Rep 2) ---
[2025-12-16 14:34:35.709] DEBUG: Executing command type: controller
[2025-12-16 14:34:35.710] INFO: Controller command: allOff
[2025-12-16 14:34:35.710] INFO: all off success: 0
[2025-12-16 14:34:35.711] INFO: allOff command completed
[2025-12-16 14:34:35.711] DEBUG: Executing command type: wait
[2025-12-16 14:34:35.711] INFO: Wait command: 3 ms
[2025-12-16 14:34:38.713] DEBUG: Wait command completed
[2025-12-16 14:34:38.715] INFO: Trial 6 completed in 3.00 seconds
[2025-12-16 14:34:38.716] DEBUG: Executing command type: controller
[2025-12-16 14:34:38.716] INFO: Controller command: startG41Trial
[2025-12-16 14:34:38.716] DEBUG: parameters checked and valid.
[2025-12-16 14:34:38.717] DEBUG: parameters checked and valid.
[2025-12-16 14:34:38.717] DEBUG: parameters checked and valid.
[2025-12-16 14:34:38.717] DEBUG: parameters checked and valid.
[2025-12-16 14:34:40.720] INFO: startG41Trial command completed
[2025-12-16 14:34:40.722] INFO: --- Trial 7/12: Condition condition 3 (Rep 2) ---
[2025-12-16 14:34:40.724] DEBUG: Executing command type: controller
[2025-12-16 14:34:40.725] INFO: Controller command: startG41Trial
[2025-12-16 14:34:40.725] DEBUG: parameters checked and valid.
[2025-12-16 14:34:40.726] DEBUG: parameters checked and valid.
[2025-12-16 14:34:40.726] DEBUG: parameters checked and valid.
[2025-12-16 14:34:40.726] DEBUG: parameters checked and valid.
[2025-12-16 14:34:43.727] INFO: startG41Trial command completed
[2025-12-16 14:34:43.729] INFO: Trial 7 completed in 3.01 seconds
[2025-12-16 14:34:43.730] DEBUG: Executing command type: controller
[2025-12-16 14:34:43.731] INFO: Controller command: startG41Trial
[2025-12-16 14:34:43.731] DEBUG: parameters checked and valid.
[2025-12-16 14:34:43.731] DEBUG: parameters checked and valid.
[2025-12-16 14:34:43.732] DEBUG: parameters checked and valid.
[2025-12-16 14:34:43.732] DEBUG: parameters checked and valid.
[2025-12-16 14:34:45.734] INFO: startG41Trial command completed
[2025-12-16 14:34:45.736] INFO: --- Trial 8/12: Condition condition 2 (Rep 2) ---
[2025-12-16 14:34:45.738] DEBUG: Executing command type: controller
[2025-12-16 14:34:45.738] INFO: Controller command: startG41Trial
[2025-12-16 14:34:45.739] DEBUG: parameters checked and valid.
[2025-12-16 14:34:45.739] DEBUG: parameters checked and valid.
[2025-12-16 14:34:45.739] DEBUG: parameters checked and valid.
[2025-12-16 14:34:45.740] DEBUG: parameters checked and valid.
[2025-12-16 14:34:50.741] INFO: startG41Trial command completed
[2025-12-16 14:34:50.743] INFO: Trial 8 completed in 5.01 seconds
[2025-12-16 14:34:50.745] DEBUG: Executing command type: controller
[2025-12-16 14:34:50.745] INFO: Controller command: startG41Trial
[2025-12-16 14:34:50.746] DEBUG: parameters checked and valid.
[2025-12-16 14:34:50.746] DEBUG: parameters checked and valid.
[2025-12-16 14:34:50.746] DEBUG: parameters checked and valid.
[2025-12-16 14:34:50.746] DEBUG: parameters checked and valid.
[2025-12-16 14:34:52.748] INFO: startG41Trial command completed
[2025-12-16 14:34:52.750] INFO: --- Trial 9/12: Condition dark_control (Rep 3) ---
[2025-12-16 14:34:52.752] DEBUG: Executing command type: controller
[2025-12-16 14:34:52.753] INFO: Controller command: allOff
[2025-12-16 14:34:52.754] INFO: all off success: 0
[2025-12-16 14:34:52.755] INFO: allOff command completed
[2025-12-16 14:34:52.755] DEBUG: Executing command type: wait
[2025-12-16 14:34:52.756] INFO: Wait command: 3 ms
[2025-12-16 14:34:55.757] DEBUG: Wait command completed
[2025-12-16 14:34:55.758] INFO: Trial 9 completed in 3.01 seconds
[2025-12-16 14:34:55.759] DEBUG: Executing command type: controller
[2025-12-16 14:34:55.760] INFO: Controller command: startG41Trial
[2025-12-16 14:34:55.760] DEBUG: parameters checked and valid.
[2025-12-16 14:34:55.760] DEBUG: parameters checked and valid.
[2025-12-16 14:34:55.761] DEBUG: parameters checked and valid.
[2025-12-16 14:34:55.761] DEBUG: parameters checked and valid.
[2025-12-16 14:34:57.763] INFO: startG41Trial command completed
[2025-12-16 14:34:57.765] INFO: --- Trial 10/12: Condition condition 3 (Rep 3) ---
[2025-12-16 14:34:57.767] DEBUG: Executing command type: controller
[2025-12-16 14:34:57.767] INFO: Controller command: startG41Trial
[2025-12-16 14:34:57.767] DEBUG: parameters checked and valid.
[2025-12-16 14:34:57.768] DEBUG: parameters checked and valid.
[2025-12-16 14:34:57.768] DEBUG: parameters checked and valid.
[2025-12-16 14:34:57.768] DEBUG: parameters checked and valid.
[2025-12-16 14:35:00.769] INFO: startG41Trial command completed
[2025-12-16 14:35:00.771] INFO: Trial 10 completed in 3.00 seconds
[2025-12-16 14:35:00.773] DEBUG: Executing command type: controller
[2025-12-16 14:35:00.773] INFO: Controller command: startG41Trial
[2025-12-16 14:35:00.773] DEBUG: parameters checked and valid.
[2025-12-16 14:35:00.774] DEBUG: parameters checked and valid.
[2025-12-16 14:35:00.774] DEBUG: parameters checked and valid.
[2025-12-16 14:35:00.774] DEBUG: parameters checked and valid.
[2025-12-16 14:35:02.776] INFO: startG41Trial command completed
[2025-12-16 14:35:02.778] INFO: --- Trial 11/12: Condition condition 2 (Rep 3) ---
[2025-12-16 14:35:02.780] DEBUG: Executing command type: controller
[2025-12-16 14:35:02.780] INFO: Controller command: startG41Trial
[2025-12-16 14:35:02.780] DEBUG: parameters checked and valid.
[2025-12-16 14:35:02.781] DEBUG: parameters checked and valid.
[2025-12-16 14:35:02.781] DEBUG: parameters checked and valid.
[2025-12-16 14:35:02.781] DEBUG: parameters checked and valid.
[2025-12-16 14:35:07.782] INFO: startG41Trial command completed
[2025-12-16 14:35:07.784] INFO: Trial 11 completed in 5.00 seconds
[2025-12-16 14:35:07.786] DEBUG: Executing command type: controller
[2025-12-16 14:35:07.786] INFO: Controller command: startG41Trial
[2025-12-16 14:35:07.786] DEBUG: parameters checked and valid.
[2025-12-16 14:35:07.787] DEBUG: parameters checked and valid.
[2025-12-16 14:35:07.787] DEBUG: parameters checked and valid.
[2025-12-16 14:35:07.787] DEBUG: parameters checked and valid.
[2025-12-16 14:35:09.789] INFO: startG41Trial command completed
[2025-12-16 14:35:09.791] INFO: --- Trial 12/12: Condition condition 1 (Rep 3) ---
[2025-12-16 14:35:09.792] DEBUG: Executing command type: controller
[2025-12-16 14:35:09.793] INFO: Controller command: startG41Trial
[2025-12-16 14:35:09.793] DEBUG: parameters checked and valid.
[2025-12-16 14:35:09.793] DEBUG: parameters checked and valid.
[2025-12-16 14:35:09.794] DEBUG: parameters checked and valid.
[2025-12-16 14:35:09.794] DEBUG: parameters checked and valid.
[2025-12-16 14:35:14.796] INFO: startG41Trial command completed
[2025-12-16 14:35:14.798] INFO: Trial 12 completed in 5.00 seconds
[2025-12-16 14:35:14.799] INFO: === MAIN TRIAL LOOP COMPLETE ===
[2025-12-16 14:35:14.799] INFO: === POSTTRIAL PHASE START ===
[2025-12-16 14:35:14.800] INFO: Executing posttrial command 1/3
[2025-12-16 14:35:14.801] DEBUG: Executing command type: controller
[2025-12-16 14:35:14.801] INFO: Controller command: startG41Trial
[2025-12-16 14:35:14.801] DEBUG: parameters checked and valid.
[2025-12-16 14:35:14.801] DEBUG: parameters checked and valid.
[2025-12-16 14:35:14.801] DEBUG: parameters checked and valid.
[2025-12-16 14:35:14.802] DEBUG: parameters checked and valid.
[2025-12-16 14:35:16.803] INFO: startG41Trial command completed
[2025-12-16 14:35:16.806] INFO: Executing posttrial command 2/3
[2025-12-16 14:35:16.807] DEBUG: Executing command type: plugin
[2025-12-16 14:35:16.813] ERROR: Posttrial command 2 failed: Unrecognized method, property, or field 'getType' for class 'ScriptPlugin'.
[2025-12-16 14:35:16.814] INFO: Executing posttrial command 3/3
[2025-12-16 14:35:16.814] DEBUG: Executing command type: wait
[2025-12-16 14:35:16.814] INFO: Wait command: 1 ms
[2025-12-16 14:35:17.816] DEBUG: Wait command completed
[2025-12-16 14:35:17.817] INFO: === POSTTRIAL PHASE COMPLETE ===
[2025-12-16 14:35:17.819] INFO: Finalizing experiment...
[2025-12-16 14:35:17.841] ERROR: Experiment failed: Cannot create 'trial_order.mat' because '/Users/lisaferguson/Documents/PC/Programming/Reiser/maDisplayTools/examples/SimpleYamlExperimentDemo/data' does not exist.
[2025-12-16 14:35:17.848] INFO: Closing all plugins...
[2025-12-16 14:35:17.851] WARNING:   ✗ Failed to close plugin analysis: Unrecognized method, property, or field 'close' for class 'ScriptPlugin'.
[2025-12-16 14:35:17.851] INFO: Closing log file

=== LOG END ===
Closed: 16-Dec-2025 14:35:17
